2025-07-11 19:50:49 [main] INFO  com.taskmanager.Application - Starting Application using Java 24.0.1 with PID 85993 (/Users/emi/Desktop/JAVA開発/Java練習１/SpringBootTaskManager/target/classes started by emi in /Users/emi/Desktop/JAVA開発/Java練習１/SpringBootTaskManager)
2025-07-11 19:50:49 [main] DEBUG com.taskmanager.Application - Running with Spring Boot v3.2.0, Spring v6.1.1
2025-07-11 19:50:49 [main] INFO  com.taskmanager.Application - No active profile set, falling back to 1 default profile: "default"
2025-07-11 19:50:57 [main] INFO  o.s.d.r.c.RepositoryConfigurationDelegate - Bootstrapping Spring Data JPA repositories in DEFAULT mode.
2025-07-11 19:50:57 [main] INFO  o.s.d.r.c.RepositoryConfigurationDelegate - Finished Spring Data repository scanning in 491 ms. Found 1 JPA repository interface.
2025-07-11 19:51:05 [main] INFO  o.s.b.w.e.tomcat.TomcatWebServer - Tomcat initialized with port 8080 (http)
2025-07-11 19:51:05 [main] INFO  o.a.catalina.core.StandardService - Starting service [Tomcat]
2025-07-11 19:51:05 [main] INFO  o.a.catalina.core.StandardEngine - Starting Servlet engine: [Apache Tomcat/10.1.16]
2025-07-11 19:51:07 [main] INFO  o.a.c.c.C.[Tomcat].[localhost].[/] - Initializing Spring embedded WebApplicationContext
2025-07-11 19:51:07 [main] INFO  o.s.b.w.s.c.ServletWebServerApplicationContext - Root WebApplicationContext: initialization completed in 17987 ms
2025-07-11 19:51:08 [main] INFO  com.zaxxer.hikari.HikariDataSource - HikariPool-1 - Starting...
2025-07-11 19:51:10 [main] INFO  com.zaxxer.hikari.pool.HikariPool - HikariPool-1 - Added connection conn0: url=jdbc:h2:mem:taskdb user=SA
2025-07-11 19:51:10 [main] INFO  com.zaxxer.hikari.HikariDataSource - HikariPool-1 - Start completed.
2025-07-11 19:51:11 [main] INFO  o.s.b.a.h.H2ConsoleAutoConfiguration - H2 console available at '/h2-console'. Database available at 'jdbc:h2:mem:taskdb'
2025-07-11 19:51:11 [main] INFO  o.h.jpa.internal.util.LogHelper - HHH000204: Processing PersistenceUnitInfo [name: default]
2025-07-11 19:51:12 [main] INFO  org.hibernate.Version - HHH000412: Hibernate ORM core version 6.3.1.Final
2025-07-11 19:51:12 [main] INFO  o.h.c.i.RegionFactoryInitiator - HHH000026: Second-level cache disabled
2025-07-11 19:51:14 [main] INFO  o.s.o.j.p.SpringPersistenceUnitInfo - No LoadTimeWeaver setup: ignoring JPA class transformer
2025-07-11 19:51:14 [main] WARN  org.hibernate.orm.deprecation - HHH90000025: H2Dialect does not need to be specified explicitly using 'hibernate.dialect' (remove the property setting and it will be selected by default)
2025-07-11 19:51:20 [main] INFO  o.h.e.t.j.p.i.JtaPlatformInitiator - HHH000489: No JTA platform available (set 'hibernate.transaction.jta.platform' to enable JTA platform integration)
2025-07-11 19:51:20 [main] DEBUG org.hibernate.SQL - 
    drop table if exists tasks cascade 
2025-07-11 19:51:20 [main] DEBUG org.hibernate.SQL - 
    create table tasks (
        completed boolean not null,
        created_at timestamp(6) not null,
        due_date timestamp(6),
        id bigint generated by default as identity,
        updated_at timestamp(6) not null,
        category varchar(100),
        title varchar(200) not null,
        tags varchar(500),
        description varchar(1000),
        priority varchar(255) not null check (priority in ('LOW','MEDIUM','HIGH')),
        primary key (id)
    )
2025-07-11 19:51:20 [main] INFO  o.s.o.j.LocalContainerEntityManagerFactoryBean - Initialized JPA EntityManagerFactory for persistence unit 'default'
2025-07-11 19:51:22 [main] INFO  o.s.d.j.r.query.QueryEnhancerFactory - Hibernate is in classpath; If applicable, HQL parser will be used.
2025-07-11 19:51:29 [main] WARN  o.s.b.a.o.j.JpaBaseConfiguration$JpaWebConfiguration - spring.jpa.open-in-view is enabled by default. Therefore, database queries may be performed during view rendering. Explicitly configure spring.jpa.open-in-view to disable this warning
2025-07-11 19:51:29 [main] INFO  o.s.b.a.w.s.WelcomePageHandlerMapping - Adding welcome page: class path resource [static/index.html]
2025-07-11 19:51:30 [main] DEBUG o.s.w.s.m.m.a.RequestMappingHandlerMapping - 12 mappings in 'requestMappingHandlerMapping'
2025-07-11 19:51:32 [main] DEBUG o.s.w.s.h.SimpleUrlHandlerMapping - Patterns [/webjars/**, /**] in 'resourceHandlerMapping'
2025-07-11 19:51:33 [main] DEBUG o.s.w.s.m.m.a.RequestMappingHandlerAdapter - ControllerAdvice beans: 0 @ModelAttribute, 0 @InitBinder, 1 RequestBodyAdvice, 1 ResponseBodyAdvice
2025-07-11 19:51:34 [main] DEBUG o.s.w.s.m.m.a.ExceptionHandlerExceptionResolver - ControllerAdvice beans: 0 @ExceptionHandler, 1 ResponseBodyAdvice
2025-07-11 19:51:36 [main] WARN  o.s.b.w.s.c.AnnotationConfigServletWebServerApplicationContext - Exception encountered during context initialization - cancelling refresh attempt: org.springframework.context.ApplicationContextException: Failed to start bean 'webServerStartStop'
2025-07-11 19:51:36 [main] INFO  o.s.o.j.LocalContainerEntityManagerFactoryBean - Closing JPA EntityManagerFactory for persistence unit 'default'
2025-07-11 19:51:36 [main] DEBUG org.hibernate.SQL - 
    drop table if exists tasks cascade 
2025-07-11 19:51:36 [main] INFO  com.zaxxer.hikari.HikariDataSource - HikariPool-1 - Shutdown initiated...
2025-07-11 19:51:36 [main] INFO  com.zaxxer.hikari.HikariDataSource - HikariPool-1 - Shutdown completed.
2025-07-11 19:51:36 [main] INFO  o.s.b.a.l.ConditionEvaluationReportLogger - 

Error starting ApplicationContext. To display the condition evaluation report re-run your application with 'debug' enabled.
2025-07-11 19:51:36 [main] ERROR o.s.b.d.LoggingFailureAnalysisReporter - 

***************************
APPLICATION FAILED TO START
***************************

Description:

Web server failed to start. Port 8080 was already in use.

Action:

Identify and stop the process that's listening on port 8080 or configure this application to listen on another port.

2025-07-11 19:53:41 [main] INFO  com.taskmanager.Application - Starting Application using Java 24.0.1 with PID 86286 (/Users/emi/Desktop/JAVA開発/Java練習１/SpringBootTaskManager/target/classes started by emi in /Users/emi/Desktop/JAVA開発/Java練習１/SpringBootTaskManager)
2025-07-11 19:53:41 [main] DEBUG com.taskmanager.Application - Running with Spring Boot v3.2.0, Spring v6.1.1
2025-07-11 19:53:41 [main] INFO  com.taskmanager.Application - No active profile set, falling back to 1 default profile: "default"
2025-07-11 19:53:46 [main] INFO  o.s.d.r.c.RepositoryConfigurationDelegate - Bootstrapping Spring Data JPA repositories in DEFAULT mode.
2025-07-11 19:53:46 [main] INFO  o.s.d.r.c.RepositoryConfigurationDelegate - Finished Spring Data repository scanning in 229 ms. Found 1 JPA repository interface.
2025-07-11 19:53:52 [main] INFO  o.s.b.w.e.tomcat.TomcatWebServer - Tomcat initialized with port 8080 (http)
2025-07-11 19:53:52 [main] INFO  o.a.catalina.core.StandardService - Starting service [Tomcat]
2025-07-11 19:53:52 [main] INFO  o.a.catalina.core.StandardEngine - Starting Servlet engine: [Apache Tomcat/10.1.16]
2025-07-11 19:53:52 [main] INFO  o.a.c.c.C.[Tomcat].[localhost].[/] - Initializing Spring embedded WebApplicationContext
2025-07-11 19:53:52 [main] INFO  o.s.b.w.s.c.ServletWebServerApplicationContext - Root WebApplicationContext: initialization completed in 10385 ms
2025-07-11 19:53:52 [main] INFO  com.zaxxer.hikari.HikariDataSource - HikariPool-1 - Starting...
2025-07-11 19:53:53 [main] INFO  com.zaxxer.hikari.pool.HikariPool - HikariPool-1 - Added connection conn0: url=jdbc:h2:mem:taskdb user=SA
2025-07-11 19:53:53 [main] INFO  com.zaxxer.hikari.HikariDataSource - HikariPool-1 - Start completed.
2025-07-11 19:53:54 [main] INFO  o.s.b.a.h.H2ConsoleAutoConfiguration - H2 console available at '/h2-console'. Database available at 'jdbc:h2:mem:taskdb'
2025-07-11 19:53:54 [main] INFO  o.h.jpa.internal.util.LogHelper - HHH000204: Processing PersistenceUnitInfo [name: default]
2025-07-11 19:53:55 [main] INFO  org.hibernate.Version - HHH000412: Hibernate ORM core version 6.3.1.Final
2025-07-11 19:53:55 [main] INFO  o.h.c.i.RegionFactoryInitiator - HHH000026: Second-level cache disabled
2025-07-11 19:53:56 [main] INFO  o.s.o.j.p.SpringPersistenceUnitInfo - No LoadTimeWeaver setup: ignoring JPA class transformer
2025-07-11 19:53:56 [main] WARN  org.hibernate.orm.deprecation - HHH90000025: H2Dialect does not need to be specified explicitly using 'hibernate.dialect' (remove the property setting and it will be selected by default)
2025-07-11 19:54:01 [main] INFO  o.h.e.t.j.p.i.JtaPlatformInitiator - HHH000489: No JTA platform available (set 'hibernate.transaction.jta.platform' to enable JTA platform integration)
2025-07-11 19:54:02 [main] DEBUG org.hibernate.SQL - 
    drop table if exists tasks cascade 
2025-07-11 19:54:02 [main] DEBUG org.hibernate.SQL - 
    create table tasks (
        completed boolean not null,
        created_at timestamp(6) not null,
        due_date timestamp(6),
        id bigint generated by default as identity,
        updated_at timestamp(6) not null,
        category varchar(100),
        title varchar(200) not null,
        tags varchar(500),
        description varchar(1000),
        priority varchar(255) not null check (priority in ('LOW','MEDIUM','HIGH')),
        primary key (id)
    )
2025-07-11 19:54:02 [main] INFO  o.s.o.j.LocalContainerEntityManagerFactoryBean - Initialized JPA EntityManagerFactory for persistence unit 'default'
2025-07-11 19:54:04 [main] INFO  o.s.d.j.r.query.QueryEnhancerFactory - Hibernate is in classpath; If applicable, HQL parser will be used.
2025-07-11 19:54:11 [main] WARN  o.s.b.a.o.j.JpaBaseConfiguration$JpaWebConfiguration - spring.jpa.open-in-view is enabled by default. Therefore, database queries may be performed during view rendering. Explicitly configure spring.jpa.open-in-view to disable this warning
2025-07-11 19:54:12 [main] INFO  o.s.b.a.w.s.WelcomePageHandlerMapping - Adding welcome page: class path resource [static/index.html]
2025-07-11 19:54:13 [main] DEBUG o.s.w.s.m.m.a.RequestMappingHandlerMapping - 12 mappings in 'requestMappingHandlerMapping'
2025-07-11 19:54:14 [main] DEBUG o.s.w.s.h.SimpleUrlHandlerMapping - Patterns [/webjars/**, /**] in 'resourceHandlerMapping'
2025-07-11 19:54:15 [main] DEBUG o.s.w.s.m.m.a.RequestMappingHandlerAdapter - ControllerAdvice beans: 0 @ModelAttribute, 0 @InitBinder, 1 RequestBodyAdvice, 1 ResponseBodyAdvice
2025-07-11 19:54:15 [main] DEBUG o.s.w.s.m.m.a.ExceptionHandlerExceptionResolver - ControllerAdvice beans: 0 @ExceptionHandler, 1 ResponseBodyAdvice
2025-07-11 19:54:17 [main] INFO  o.s.b.w.e.tomcat.TomcatWebServer - Tomcat started on port 8080 (http) with context path ''
2025-07-11 19:54:17 [main] INFO  com.taskmanager.Application - Started Application in 40.489 seconds (process running for 43.768)
2025-07-11 19:54:40 [http-nio-8080-exec-1] INFO  o.a.c.c.C.[Tomcat].[localhost].[/] - Initializing Spring DispatcherServlet 'dispatcherServlet'
2025-07-11 19:54:40 [http-nio-8080-exec-1] INFO  o.s.web.servlet.DispatcherServlet - Initializing Servlet 'dispatcherServlet'
2025-07-11 19:54:40 [http-nio-8080-exec-1] DEBUG o.s.web.servlet.DispatcherServlet - Detected StandardServletMultipartResolver
2025-07-11 19:54:40 [http-nio-8080-exec-1] DEBUG o.s.web.servlet.DispatcherServlet - Detected AcceptHeaderLocaleResolver
2025-07-11 19:54:40 [http-nio-8080-exec-1] DEBUG o.s.web.servlet.DispatcherServlet - Detected FixedThemeResolver
2025-07-11 19:54:40 [http-nio-8080-exec-1] DEBUG o.s.web.servlet.DispatcherServlet - Detected org.springframework.web.servlet.view.DefaultRequestToViewNameTranslator@283eb984
2025-07-11 19:54:40 [http-nio-8080-exec-1] DEBUG o.s.web.servlet.DispatcherServlet - Detected org.springframework.web.servlet.support.SessionFlashMapManager@77ec911
2025-07-11 19:54:40 [http-nio-8080-exec-1] DEBUG o.s.web.servlet.DispatcherServlet - enableLoggingRequestDetails='false': request parameters and headers will be masked to prevent unsafe logging of potentially sensitive data
2025-07-11 19:54:40 [http-nio-8080-exec-1] INFO  o.s.web.servlet.DispatcherServlet - Completed initialization in 11 ms
2025-07-11 19:54:40 [http-nio-8080-exec-1] DEBUG o.s.web.servlet.DispatcherServlet - GET "/", parameters={}
2025-07-11 19:54:40 [http-nio-8080-exec-1] DEBUG o.s.w.s.v.ContentNegotiatingViewResolver - Selected 'text/html' given [text/html, application/xhtml+xml, image/avif, image/webp, image/apng, application/xml;q=0.9, */*;q=0.8, application/signed-exchange;v=b3;q=0.7]
2025-07-11 19:54:40 [http-nio-8080-exec-1] DEBUG o.s.w.s.view.InternalResourceView - View name 'forward:', model {}
2025-07-11 19:54:40 [http-nio-8080-exec-1] DEBUG o.s.w.s.view.InternalResourceView - Forwarding to [index.html]
2025-07-11 19:54:40 [http-nio-8080-exec-1] DEBUG o.s.web.servlet.DispatcherServlet - "FORWARD" dispatch for GET "/index.html", parameters={}
2025-07-11 19:54:40 [http-nio-8080-exec-1] DEBUG o.s.w.s.h.SimpleUrlHandlerMapping - Mapped to ResourceHttpRequestHandler [classpath [META-INF/resources/], classpath [resources/], classpath [static/], classpath [public/], ServletContext [/]]
2025-07-11 19:54:41 [http-nio-8080-exec-1] DEBUG o.s.web.servlet.DispatcherServlet - Exiting from "FORWARD" dispatch, status 200
2025-07-11 19:54:41 [http-nio-8080-exec-1] DEBUG o.s.web.servlet.DispatcherServlet - Completed 200 OK
2025-07-11 19:54:41 [http-nio-8080-exec-2] DEBUG o.s.web.servlet.DispatcherServlet - GET "/script.js", parameters={}
2025-07-11 19:54:41 [http-nio-8080-exec-2] DEBUG o.s.w.s.h.SimpleUrlHandlerMapping - Mapped to ResourceHttpRequestHandler [classpath [META-INF/resources/], classpath [resources/], classpath [static/], classpath [public/], ServletContext [/]]
2025-07-11 19:54:41 [http-nio-8080-exec-3] DEBUG o.s.web.servlet.DispatcherServlet - GET "/styles.css", parameters={}
2025-07-11 19:54:41 [http-nio-8080-exec-3] DEBUG o.s.w.s.h.SimpleUrlHandlerMapping - Mapped to ResourceHttpRequestHandler [classpath [META-INF/resources/], classpath [resources/], classpath [static/], classpath [public/], ServletContext [/]]
2025-07-11 19:54:41 [http-nio-8080-exec-2] DEBUG o.s.web.servlet.DispatcherServlet - Completed 200 OK
2025-07-11 19:54:41 [http-nio-8080-exec-3] DEBUG o.s.web.servlet.DispatcherServlet - Completed 200 OK
2025-07-11 19:54:42 [http-nio-8080-exec-4] DEBUG o.s.web.servlet.DispatcherServlet - GET "/api/tasks", parameters={}
2025-07-11 19:54:42 [http-nio-8080-exec-4] DEBUG o.s.w.s.m.m.a.RequestMappingHandlerMapping - Mapped to com.taskmanager.controller.TaskController#getTasks(String, String, String, String)
2025-07-11 19:54:43 [http-nio-8080-exec-4] DEBUG org.hibernate.SQL - 
    select
        t1_0.id,
        t1_0.category,
        t1_0.completed,
        t1_0.created_at,
        t1_0.description,
        t1_0.due_date,
        t1_0.priority,
        t1_0.tags,
        t1_0.title,
        t1_0.updated_at 
    from
        tasks t1_0 
    where
        (
            ? is null 
            or t1_0.completed=?
        ) 
        and (
            ? is null 
            or t1_0.priority=?
        ) 
        and (
            ? is null 
            or t1_0.category=?
        ) 
    order by
        t1_0.priority desc,
        t1_0.created_at desc
2025-07-11 19:54:44 [http-nio-8080-exec-4] DEBUG o.s.w.s.m.m.a.HttpEntityMethodProcessor - Using 'application/json', given [*/*] and supported [application/json, application/*+json]
2025-07-11 19:54:44 [http-nio-8080-exec-4] DEBUG o.s.w.s.m.m.a.HttpEntityMethodProcessor - Writing [[Task{id=2, title='買い物リスト作成', description='週末の買い物リストを作成', completed=false, priority=中, category='個人' (truncated)...]
2025-07-11 19:54:44 [http-nio-8080-exec-4] DEBUG o.s.web.servlet.DispatcherServlet - Completed 200 OK
2025-07-11 19:54:44 [http-nio-8080-exec-5] DEBUG o.s.web.servlet.DispatcherServlet - GET "/api/stats", parameters={}
2025-07-11 19:54:44 [http-nio-8080-exec-5] DEBUG o.s.w.s.m.m.a.RequestMappingHandlerMapping - Mapped to com.taskmanager.controller.StatsController#getStatistics()
2025-07-11 19:54:44 [http-nio-8080-exec-5] DEBUG org.hibernate.SQL - 
    select
        count(*) 
    from
        tasks t1_0
2025-07-11 19:54:44 [http-nio-8080-exec-5] DEBUG org.hibernate.SQL - 
    select
        t1_0.id,
        t1_0.category,
        t1_0.completed,
        t1_0.created_at,
        t1_0.description,
        t1_0.due_date,
        t1_0.priority,
        t1_0.tags,
        t1_0.title,
        t1_0.updated_at 
    from
        tasks t1_0 
    where
        t1_0.completed=?
2025-07-11 19:54:44 [http-nio-8080-exec-5] DEBUG org.hibernate.SQL - 
    select
        t1_0.id,
        t1_0.category,
        t1_0.completed,
        t1_0.created_at,
        t1_0.description,
        t1_0.due_date,
        t1_0.priority,
        t1_0.tags,
        t1_0.title,
        t1_0.updated_at 
    from
        tasks t1_0 
    where
        t1_0.completed=?
2025-07-11 19:54:44 [http-nio-8080-exec-5] DEBUG org.hibernate.SQL - 
    select
        t1_0.id,
        t1_0.category,
        t1_0.completed,
        t1_0.created_at,
        t1_0.description,
        t1_0.due_date,
        t1_0.priority,
        t1_0.tags,
        t1_0.title,
        t1_0.updated_at 
    from
        tasks t1_0 
    where
        t1_0.due_date<? 
        and t1_0.completed=false
2025-07-11 19:54:44 [http-nio-8080-exec-5] DEBUG org.hibernate.SQL - 
    select
        t1_0.category,
        count(t1_0.id) 
    from
        tasks t1_0 
    group by
        t1_0.category
2025-07-11 19:54:44 [http-nio-8080-exec-5] DEBUG org.hibernate.SQL - 
    select
        t1_0.priority,
        count(t1_0.id) 
    from
        tasks t1_0 
    group by
        t1_0.priority
2025-07-11 19:54:44 [http-nio-8080-exec-5] DEBUG o.s.w.s.m.m.a.HttpEntityMethodProcessor - Using 'application/json', given [*/*] and supported [application/json, application/*+json]
2025-07-11 19:54:44 [http-nio-8080-exec-5] DEBUG o.s.w.s.m.m.a.HttpEntityMethodProcessor - Writing [{completedTasks=2, priorityStats={高=3, 中=4, 低=3}, overdueTasks=2, categoryStats={個人=2, 学習=2, 健康=2, 家 (truncated)...]
2025-07-11 19:54:44 [http-nio-8080-exec-5] DEBUG o.s.web.servlet.DispatcherServlet - Completed 200 OK
2025-07-11 19:54:45 [http-nio-8080-exec-6] DEBUG o.s.web.servlet.DispatcherServlet - GET "/api/categories", parameters={}
2025-07-11 19:54:45 [http-nio-8080-exec-6] DEBUG o.s.w.s.m.m.a.RequestMappingHandlerMapping - Mapped to com.taskmanager.controller.CategoriesController#getCategories()
2025-07-11 19:54:45 [http-nio-8080-exec-6] DEBUG org.hibernate.SQL - 
    select
        distinct t1_0.category 
    from
        tasks t1_0 
    where
        t1_0.category is not null 
    order by
        t1_0.category
2025-07-11 19:54:45 [http-nio-8080-exec-6] DEBUG o.s.w.s.m.m.a.HttpEntityMethodProcessor - Using 'application/json', given [*/*] and supported [application/json, application/*+json]
2025-07-11 19:54:45 [http-nio-8080-exec-6] DEBUG o.s.w.s.m.m.a.HttpEntityMethodProcessor - Writing [[仕事, 個人, 健康, 学習, 家事]]
2025-07-11 19:54:45 [http-nio-8080-exec-6] DEBUG o.s.web.servlet.DispatcherServlet - Completed 200 OK
2025-07-11 19:54:58 [http-nio-8080-exec-7] DEBUG o.s.web.servlet.DispatcherServlet - DELETE "/api/tasks?id=2", parameters={masked}
2025-07-11 19:54:58 [http-nio-8080-exec-7] WARN  o.s.w.s.m.s.DefaultHandlerExceptionResolver - Resolved [org.springframework.web.HttpRequestMethodNotSupportedException: Request method 'DELETE' is not supported]
2025-07-11 19:54:58 [http-nio-8080-exec-7] DEBUG o.s.web.servlet.DispatcherServlet - Completed 405 METHOD_NOT_ALLOWED
2025-07-11 19:54:58 [http-nio-8080-exec-7] DEBUG o.s.web.servlet.DispatcherServlet - "ERROR" dispatch for DELETE "/error?id=2", parameters={masked}
2025-07-11 19:54:58 [http-nio-8080-exec-7] DEBUG o.s.w.s.m.m.a.RequestMappingHandlerMapping - Mapped to org.springframework.boot.autoconfigure.web.servlet.error.BasicErrorController#error(HttpServletRequest)
2025-07-11 19:54:58 [http-nio-8080-exec-7] DEBUG o.s.w.s.m.m.a.HttpEntityMethodProcessor - Using 'application/json', given [*/*] and supported [application/json, application/*+json]
2025-07-11 19:54:58 [http-nio-8080-exec-7] DEBUG o.s.w.s.m.m.a.HttpEntityMethodProcessor - Writing [{timestamp=Fri Jul 11 19:54:58 JST 2025, status=405, error=Method Not Allowed, path=/api/tasks}]
2025-07-11 19:54:58 [http-nio-8080-exec-7] DEBUG o.s.web.servlet.DispatcherServlet - Exiting from "ERROR" dispatch, status 405
2025-07-11 19:55:11 [http-nio-8080-exec-8] DEBUG o.s.web.servlet.DispatcherServlet - PUT "/api/tasks", parameters={}
2025-07-11 19:55:11 [http-nio-8080-exec-8] WARN  o.s.w.s.m.s.DefaultHandlerExceptionResolver - Resolved [org.springframework.web.HttpRequestMethodNotSupportedException: Request method 'PUT' is not supported]
2025-07-11 19:55:11 [http-nio-8080-exec-8] DEBUG o.s.web.servlet.DispatcherServlet - Completed 405 METHOD_NOT_ALLOWED
2025-07-11 19:55:11 [http-nio-8080-exec-8] DEBUG o.s.web.servlet.DispatcherServlet - "ERROR" dispatch for PUT "/error", parameters={}
2025-07-11 19:55:11 [http-nio-8080-exec-8] DEBUG o.s.w.s.m.m.a.RequestMappingHandlerMapping - Mapped to org.springframework.boot.autoconfigure.web.servlet.error.BasicErrorController#error(HttpServletRequest)
2025-07-11 19:55:11 [http-nio-8080-exec-8] DEBUG o.s.w.s.m.m.a.HttpEntityMethodProcessor - Using 'application/json', given [*/*] and supported [application/json, application/*+json]
2025-07-11 19:55:11 [http-nio-8080-exec-8] DEBUG o.s.w.s.m.m.a.HttpEntityMethodProcessor - Writing [{timestamp=Fri Jul 11 19:55:11 JST 2025, status=405, error=Method Not Allowed, path=/api/tasks}]
2025-07-11 19:55:11 [http-nio-8080-exec-8] DEBUG o.s.web.servlet.DispatcherServlet - Exiting from "ERROR" dispatch, status 405
2025-07-11 19:55:15 [http-nio-8080-exec-9] DEBUG o.s.web.servlet.DispatcherServlet - PUT "/api/tasks", parameters={}
2025-07-11 19:55:15 [http-nio-8080-exec-9] WARN  o.s.w.s.m.s.DefaultHandlerExceptionResolver - Resolved [org.springframework.web.HttpRequestMethodNotSupportedException: Request method 'PUT' is not supported]
2025-07-11 19:55:15 [http-nio-8080-exec-9] DEBUG o.s.web.servlet.DispatcherServlet - Completed 405 METHOD_NOT_ALLOWED
2025-07-11 19:55:15 [http-nio-8080-exec-9] DEBUG o.s.web.servlet.DispatcherServlet - "ERROR" dispatch for PUT "/error", parameters={}
2025-07-11 19:55:15 [http-nio-8080-exec-9] DEBUG o.s.w.s.m.m.a.RequestMappingHandlerMapping - Mapped to org.springframework.boot.autoconfigure.web.servlet.error.BasicErrorController#error(HttpServletRequest)
2025-07-11 19:55:15 [http-nio-8080-exec-9] DEBUG o.s.w.s.m.m.a.HttpEntityMethodProcessor - Using 'application/json', given [*/*] and supported [application/json, application/*+json]
2025-07-11 19:55:15 [http-nio-8080-exec-9] DEBUG o.s.w.s.m.m.a.HttpEntityMethodProcessor - Writing [{timestamp=Fri Jul 11 19:55:15 JST 2025, status=405, error=Method Not Allowed, path=/api/tasks}]
2025-07-11 19:55:15 [http-nio-8080-exec-9] DEBUG o.s.web.servlet.DispatcherServlet - Exiting from "ERROR" dispatch, status 405
2025-07-11 19:57:24 [http-nio-8080-exec-2] DEBUG o.s.web.servlet.DispatcherServlet - GET "/", parameters={}
2025-07-11 19:57:24 [http-nio-8080-exec-2] DEBUG o.s.w.s.v.ContentNegotiatingViewResolver - Selected 'text/html' given [text/html, application/xhtml+xml, image/avif, image/webp, image/apng, application/xml;q=0.9, */*;q=0.8, application/signed-exchange;v=b3;q=0.7]
2025-07-11 19:57:24 [http-nio-8080-exec-2] DEBUG o.s.w.s.view.InternalResourceView - View name 'forward:', model {}
2025-07-11 19:57:24 [http-nio-8080-exec-2] DEBUG o.s.w.s.view.InternalResourceView - Forwarding to [index.html]
2025-07-11 19:57:24 [http-nio-8080-exec-2] DEBUG o.s.web.servlet.DispatcherServlet - "FORWARD" dispatch for GET "/index.html", parameters={}
2025-07-11 19:57:24 [http-nio-8080-exec-2] DEBUG o.s.w.s.h.SimpleUrlHandlerMapping - Mapped to ResourceHttpRequestHandler [classpath [META-INF/resources/], classpath [resources/], classpath [static/], classpath [public/], ServletContext [/]]
2025-07-11 19:57:24 [http-nio-8080-exec-2] DEBUG o.s.web.servlet.DispatcherServlet - Exiting from "FORWARD" dispatch, status 304
2025-07-11 19:57:24 [http-nio-8080-exec-2] DEBUG o.s.web.servlet.DispatcherServlet - Completed 304 NOT_MODIFIED
2025-07-11 19:57:24 [http-nio-8080-exec-3] DEBUG o.s.web.servlet.DispatcherServlet - GET "/styles.css", parameters={}
2025-07-11 19:57:24 [http-nio-8080-exec-3] DEBUG o.s.w.s.h.SimpleUrlHandlerMapping - Mapped to ResourceHttpRequestHandler [classpath [META-INF/resources/], classpath [resources/], classpath [static/], classpath [public/], ServletContext [/]]
2025-07-11 19:57:24 [http-nio-8080-exec-3] DEBUG o.s.web.servlet.DispatcherServlet - Completed 304 NOT_MODIFIED
2025-07-11 19:57:24 [http-nio-8080-exec-4] DEBUG o.s.web.servlet.DispatcherServlet - GET "/script.js", parameters={}
2025-07-11 19:57:24 [http-nio-8080-exec-4] DEBUG o.s.w.s.h.SimpleUrlHandlerMapping - Mapped to ResourceHttpRequestHandler [classpath [META-INF/resources/], classpath [resources/], classpath [static/], classpath [public/], ServletContext [/]]
2025-07-11 19:57:24 [http-nio-8080-exec-4] DEBUG o.s.web.servlet.DispatcherServlet - Completed 304 NOT_MODIFIED
2025-07-11 19:57:25 [http-nio-8080-exec-5] DEBUG o.s.web.servlet.DispatcherServlet - GET "/api/tasks", parameters={}
2025-07-11 19:57:25 [http-nio-8080-exec-5] DEBUG o.s.w.s.m.m.a.RequestMappingHandlerMapping - Mapped to com.taskmanager.controller.TaskController#getTasks(String, String, String, String)
2025-07-11 19:57:25 [http-nio-8080-exec-5] DEBUG org.hibernate.SQL - 
    select
        t1_0.id,
        t1_0.category,
        t1_0.completed,
        t1_0.created_at,
        t1_0.description,
        t1_0.due_date,
        t1_0.priority,
        t1_0.tags,
        t1_0.title,
        t1_0.updated_at 
    from
        tasks t1_0 
    where
        (
            ? is null 
            or t1_0.completed=?
        ) 
        and (
            ? is null 
            or t1_0.priority=?
        ) 
        and (
            ? is null 
            or t1_0.category=?
        ) 
    order by
        t1_0.priority desc,
        t1_0.created_at desc
2025-07-11 19:57:25 [http-nio-8080-exec-5] DEBUG o.s.w.s.m.m.a.HttpEntityMethodProcessor - Using 'application/json', given [*/*] and supported [application/json, application/*+json]
2025-07-11 19:57:25 [http-nio-8080-exec-5] DEBUG o.s.w.s.m.m.a.HttpEntityMethodProcessor - Writing [[Task{id=2, title='買い物リスト作成', description='週末の買い物リストを作成', completed=false, priority=中, category='個人' (truncated)...]
2025-07-11 19:57:25 [http-nio-8080-exec-5] DEBUG o.s.web.servlet.DispatcherServlet - Completed 200 OK
2025-07-11 19:57:25 [http-nio-8080-exec-6] DEBUG o.s.web.servlet.DispatcherServlet - GET "/api/stats", parameters={}
2025-07-11 19:57:25 [http-nio-8080-exec-6] DEBUG o.s.w.s.m.m.a.RequestMappingHandlerMapping - Mapped to com.taskmanager.controller.StatsController#getStatistics()
2025-07-11 19:57:25 [http-nio-8080-exec-6] DEBUG org.hibernate.SQL - 
    select
        count(*) 
    from
        tasks t1_0
2025-07-11 19:57:25 [http-nio-8080-exec-6] DEBUG org.hibernate.SQL - 
    select
        t1_0.id,
        t1_0.category,
        t1_0.completed,
        t1_0.created_at,
        t1_0.description,
        t1_0.due_date,
        t1_0.priority,
        t1_0.tags,
        t1_0.title,
        t1_0.updated_at 
    from
        tasks t1_0 
    where
        t1_0.completed=?
2025-07-11 19:57:25 [http-nio-8080-exec-6] DEBUG org.hibernate.SQL - 
    select
        t1_0.id,
        t1_0.category,
        t1_0.completed,
        t1_0.created_at,
        t1_0.description,
        t1_0.due_date,
        t1_0.priority,
        t1_0.tags,
        t1_0.title,
        t1_0.updated_at 
    from
        tasks t1_0 
    where
        t1_0.completed=?
2025-07-11 19:57:25 [http-nio-8080-exec-6] DEBUG org.hibernate.SQL - 
    select
        t1_0.id,
        t1_0.category,
        t1_0.completed,
        t1_0.created_at,
        t1_0.description,
        t1_0.due_date,
        t1_0.priority,
        t1_0.tags,
        t1_0.title,
        t1_0.updated_at 
    from
        tasks t1_0 
    where
        t1_0.due_date<? 
        and t1_0.completed=false
2025-07-11 19:57:25 [http-nio-8080-exec-6] DEBUG org.hibernate.SQL - 
    select
        t1_0.category,
        count(t1_0.id) 
    from
        tasks t1_0 
    group by
        t1_0.category
2025-07-11 19:57:25 [http-nio-8080-exec-6] DEBUG org.hibernate.SQL - 
    select
        t1_0.priority,
        count(t1_0.id) 
    from
        tasks t1_0 
    group by
        t1_0.priority
2025-07-11 19:57:25 [http-nio-8080-exec-6] DEBUG o.s.w.s.m.m.a.HttpEntityMethodProcessor - Using 'application/json', given [*/*] and supported [application/json, application/*+json]
2025-07-11 19:57:25 [http-nio-8080-exec-6] DEBUG o.s.w.s.m.m.a.HttpEntityMethodProcessor - Writing [{completedTasks=2, priorityStats={高=3, 中=4, 低=3}, overdueTasks=2, categoryStats={個人=2, 学習=2, 健康=2, 家 (truncated)...]
2025-07-11 19:57:25 [http-nio-8080-exec-6] DEBUG o.s.web.servlet.DispatcherServlet - Completed 200 OK
2025-07-11 19:57:25 [http-nio-8080-exec-7] DEBUG o.s.web.servlet.DispatcherServlet - GET "/api/categories", parameters={}
2025-07-11 19:57:25 [http-nio-8080-exec-7] DEBUG o.s.w.s.m.m.a.RequestMappingHandlerMapping - Mapped to com.taskmanager.controller.CategoriesController#getCategories()
2025-07-11 19:57:25 [http-nio-8080-exec-7] DEBUG org.hibernate.SQL - 
    select
        distinct t1_0.category 
    from
        tasks t1_0 
    where
        t1_0.category is not null 
    order by
        t1_0.category
2025-07-11 19:57:25 [http-nio-8080-exec-7] DEBUG o.s.w.s.m.m.a.HttpEntityMethodProcessor - Using 'application/json', given [*/*] and supported [application/json, application/*+json]
2025-07-11 19:57:25 [http-nio-8080-exec-7] DEBUG o.s.w.s.m.m.a.HttpEntityMethodProcessor - Writing [[仕事, 個人, 健康, 学習, 家事]]
2025-07-11 19:57:25 [http-nio-8080-exec-7] DEBUG o.s.web.servlet.DispatcherServlet - Completed 200 OK
2025-07-11 19:57:29 [http-nio-8080-exec-8] DEBUG o.s.web.servlet.DispatcherServlet - DELETE "/api/tasks?id=6", parameters={masked}
2025-07-11 19:57:29 [http-nio-8080-exec-8] WARN  o.s.w.s.m.s.DefaultHandlerExceptionResolver - Resolved [org.springframework.web.HttpRequestMethodNotSupportedException: Request method 'DELETE' is not supported]
2025-07-11 19:57:29 [http-nio-8080-exec-8] DEBUG o.s.web.servlet.DispatcherServlet - Completed 405 METHOD_NOT_ALLOWED
2025-07-11 19:57:29 [http-nio-8080-exec-8] DEBUG o.s.web.servlet.DispatcherServlet - "ERROR" dispatch for DELETE "/error?id=6", parameters={masked}
2025-07-11 19:57:29 [http-nio-8080-exec-8] DEBUG o.s.w.s.m.m.a.RequestMappingHandlerMapping - Mapped to org.springframework.boot.autoconfigure.web.servlet.error.BasicErrorController#error(HttpServletRequest)
2025-07-11 19:57:29 [http-nio-8080-exec-8] DEBUG o.s.w.s.m.m.a.HttpEntityMethodProcessor - Using 'application/json', given [*/*] and supported [application/json, application/*+json]
2025-07-11 19:57:29 [http-nio-8080-exec-8] DEBUG o.s.w.s.m.m.a.HttpEntityMethodProcessor - Writing [{timestamp=Fri Jul 11 19:57:29 JST 2025, status=405, error=Method Not Allowed, path=/api/tasks}]
2025-07-11 19:57:29 [http-nio-8080-exec-8] DEBUG o.s.web.servlet.DispatcherServlet - Exiting from "ERROR" dispatch, status 405
2025-07-11 19:57:48 [http-nio-8080-exec-9] DEBUG o.s.web.servlet.DispatcherServlet - GET "/", parameters={}
2025-07-11 19:57:48 [http-nio-8080-exec-9] DEBUG o.s.w.s.v.ContentNegotiatingViewResolver - Selected 'text/html' given [text/html, application/xhtml+xml, image/avif, image/webp, image/apng, application/xml;q=0.9, */*;q=0.8, application/signed-exchange;v=b3;q=0.7]
2025-07-11 19:57:48 [http-nio-8080-exec-9] DEBUG o.s.w.s.view.InternalResourceView - View name 'forward:', model {}
2025-07-11 19:57:48 [http-nio-8080-exec-9] DEBUG o.s.w.s.view.InternalResourceView - Forwarding to [index.html]
2025-07-11 19:57:48 [http-nio-8080-exec-9] DEBUG o.s.web.servlet.DispatcherServlet - "FORWARD" dispatch for GET "/index.html", parameters={}
2025-07-11 19:57:48 [http-nio-8080-exec-9] DEBUG o.s.w.s.h.SimpleUrlHandlerMapping - Mapped to ResourceHttpRequestHandler [classpath [META-INF/resources/], classpath [resources/], classpath [static/], classpath [public/], ServletContext [/]]
2025-07-11 19:57:48 [http-nio-8080-exec-9] DEBUG o.s.web.servlet.DispatcherServlet - Exiting from "FORWARD" dispatch, status 304
2025-07-11 19:57:48 [http-nio-8080-exec-9] DEBUG o.s.web.servlet.DispatcherServlet - Completed 304 NOT_MODIFIED
2025-07-11 19:57:48 [http-nio-8080-exec-10] DEBUG o.s.web.servlet.DispatcherServlet - GET "/api/tasks", parameters={}
2025-07-11 19:57:48 [http-nio-8080-exec-10] DEBUG o.s.w.s.m.m.a.RequestMappingHandlerMapping - Mapped to com.taskmanager.controller.TaskController#getTasks(String, String, String, String)
2025-07-11 19:57:48 [http-nio-8080-exec-10] DEBUG org.hibernate.SQL - 
    select
        t1_0.id,
        t1_0.category,
        t1_0.completed,
        t1_0.created_at,
        t1_0.description,
        t1_0.due_date,
        t1_0.priority,
        t1_0.tags,
        t1_0.title,
        t1_0.updated_at 
    from
        tasks t1_0 
    where
        (
            ? is null 
            or t1_0.completed=?
        ) 
        and (
            ? is null 
            or t1_0.priority=?
        ) 
        and (
            ? is null 
            or t1_0.category=?
        ) 
    order by
        t1_0.priority desc,
        t1_0.created_at desc
2025-07-11 19:57:48 [http-nio-8080-exec-10] DEBUG o.s.w.s.m.m.a.HttpEntityMethodProcessor - Using 'application/json', given [*/*] and supported [application/json, application/*+json]
2025-07-11 19:57:48 [http-nio-8080-exec-10] DEBUG o.s.w.s.m.m.a.HttpEntityMethodProcessor - Writing [[Task{id=2, title='買い物リスト作成', description='週末の買い物リストを作成', completed=false, priority=中, category='個人' (truncated)...]
2025-07-11 19:57:48 [http-nio-8080-exec-10] DEBUG o.s.web.servlet.DispatcherServlet - Completed 200 OK
2025-07-11 19:57:48 [http-nio-8080-exec-1] DEBUG o.s.web.servlet.DispatcherServlet - GET "/api/stats", parameters={}
2025-07-11 19:57:48 [http-nio-8080-exec-1] DEBUG o.s.w.s.m.m.a.RequestMappingHandlerMapping - Mapped to com.taskmanager.controller.StatsController#getStatistics()
2025-07-11 19:57:48 [http-nio-8080-exec-1] DEBUG org.hibernate.SQL - 
    select
        count(*) 
    from
        tasks t1_0
2025-07-11 19:57:48 [http-nio-8080-exec-1] DEBUG org.hibernate.SQL - 
    select
        t1_0.id,
        t1_0.category,
        t1_0.completed,
        t1_0.created_at,
        t1_0.description,
        t1_0.due_date,
        t1_0.priority,
        t1_0.tags,
        t1_0.title,
        t1_0.updated_at 
    from
        tasks t1_0 
    where
        t1_0.completed=?
2025-07-11 19:57:48 [http-nio-8080-exec-1] DEBUG org.hibernate.SQL - 
    select
        t1_0.id,
        t1_0.category,
        t1_0.completed,
        t1_0.created_at,
        t1_0.description,
        t1_0.due_date,
        t1_0.priority,
        t1_0.tags,
        t1_0.title,
        t1_0.updated_at 
    from
        tasks t1_0 
    where
        t1_0.completed=?
2025-07-11 19:57:48 [http-nio-8080-exec-1] DEBUG org.hibernate.SQL - 
    select
        t1_0.id,
        t1_0.category,
        t1_0.completed,
        t1_0.created_at,
        t1_0.description,
        t1_0.due_date,
        t1_0.priority,
        t1_0.tags,
        t1_0.title,
        t1_0.updated_at 
    from
        tasks t1_0 
    where
        t1_0.due_date<? 
        and t1_0.completed=false
2025-07-11 19:57:48 [http-nio-8080-exec-1] DEBUG org.hibernate.SQL - 
    select
        t1_0.category,
        count(t1_0.id) 
    from
        tasks t1_0 
    group by
        t1_0.category
2025-07-11 19:57:48 [http-nio-8080-exec-1] DEBUG org.hibernate.SQL - 
    select
        t1_0.priority,
        count(t1_0.id) 
    from
        tasks t1_0 
    group by
        t1_0.priority
2025-07-11 19:57:48 [http-nio-8080-exec-1] DEBUG o.s.w.s.m.m.a.HttpEntityMethodProcessor - Using 'application/json', given [*/*] and supported [application/json, application/*+json]
2025-07-11 19:57:48 [http-nio-8080-exec-1] DEBUG o.s.w.s.m.m.a.HttpEntityMethodProcessor - Writing [{completedTasks=2, priorityStats={高=3, 中=4, 低=3}, overdueTasks=2, categoryStats={個人=2, 学習=2, 健康=2, 家 (truncated)...]
2025-07-11 19:57:48 [http-nio-8080-exec-1] DEBUG o.s.web.servlet.DispatcherServlet - Completed 200 OK
2025-07-11 19:57:48 [http-nio-8080-exec-2] DEBUG o.s.web.servlet.DispatcherServlet - GET "/api/categories", parameters={}
2025-07-11 19:57:48 [http-nio-8080-exec-2] DEBUG o.s.w.s.m.m.a.RequestMappingHandlerMapping - Mapped to com.taskmanager.controller.CategoriesController#getCategories()
2025-07-11 19:57:48 [http-nio-8080-exec-2] DEBUG org.hibernate.SQL - 
    select
        distinct t1_0.category 
    from
        tasks t1_0 
    where
        t1_0.category is not null 
    order by
        t1_0.category
2025-07-11 19:57:48 [http-nio-8080-exec-2] DEBUG o.s.w.s.m.m.a.HttpEntityMethodProcessor - Using 'application/json', given [*/*] and supported [application/json, application/*+json]
2025-07-11 19:57:48 [http-nio-8080-exec-2] DEBUG o.s.w.s.m.m.a.HttpEntityMethodProcessor - Writing [[仕事, 個人, 健康, 学習, 家事]]
2025-07-11 19:57:48 [http-nio-8080-exec-2] DEBUG o.s.web.servlet.DispatcherServlet - Completed 200 OK
2025-07-11 19:58:14 [http-nio-8080-exec-3] DEBUG o.s.web.servlet.DispatcherServlet - GET "/", parameters={}
2025-07-11 19:58:14 [http-nio-8080-exec-3] DEBUG o.s.w.s.v.ContentNegotiatingViewResolver - Selected 'text/html' given [text/html, application/xhtml+xml, image/avif, image/webp, image/apng, application/xml;q=0.9, */*;q=0.8, application/signed-exchange;v=b3;q=0.7]
2025-07-11 19:58:14 [http-nio-8080-exec-3] DEBUG o.s.w.s.view.InternalResourceView - View name 'forward:', model {}
2025-07-11 19:58:14 [http-nio-8080-exec-3] DEBUG o.s.w.s.view.InternalResourceView - Forwarding to [index.html]
2025-07-11 19:58:14 [http-nio-8080-exec-3] DEBUG o.s.web.servlet.DispatcherServlet - "FORWARD" dispatch for GET "/index.html", parameters={}
2025-07-11 19:58:14 [http-nio-8080-exec-3] DEBUG o.s.w.s.h.SimpleUrlHandlerMapping - Mapped to ResourceHttpRequestHandler [classpath [META-INF/resources/], classpath [resources/], classpath [static/], classpath [public/], ServletContext [/]]
2025-07-11 19:58:14 [http-nio-8080-exec-3] DEBUG o.s.web.servlet.DispatcherServlet - Exiting from "FORWARD" dispatch, status 304
2025-07-11 19:58:14 [http-nio-8080-exec-3] DEBUG o.s.web.servlet.DispatcherServlet - Completed 304 NOT_MODIFIED
2025-07-11 19:58:14 [http-nio-8080-exec-4] DEBUG o.s.web.servlet.DispatcherServlet - GET "/api/tasks", parameters={}
2025-07-11 19:58:14 [http-nio-8080-exec-4] DEBUG o.s.w.s.m.m.a.RequestMappingHandlerMapping - Mapped to com.taskmanager.controller.TaskController#getTasks(String, String, String, String)
2025-07-11 19:58:14 [http-nio-8080-exec-4] DEBUG org.hibernate.SQL - 
    select
        t1_0.id,
        t1_0.category,
        t1_0.completed,
        t1_0.created_at,
        t1_0.description,
        t1_0.due_date,
        t1_0.priority,
        t1_0.tags,
        t1_0.title,
        t1_0.updated_at 
    from
        tasks t1_0 
    where
        (
            ? is null 
            or t1_0.completed=?
        ) 
        and (
            ? is null 
            or t1_0.priority=?
        ) 
        and (
            ? is null 
            or t1_0.category=?
        ) 
    order by
        t1_0.priority desc,
        t1_0.created_at desc
2025-07-11 19:58:14 [http-nio-8080-exec-4] DEBUG o.s.w.s.m.m.a.HttpEntityMethodProcessor - Using 'application/json', given [*/*] and supported [application/json, application/*+json]
2025-07-11 19:58:14 [http-nio-8080-exec-4] DEBUG o.s.w.s.m.m.a.HttpEntityMethodProcessor - Writing [[Task{id=2, title='買い物リスト作成', description='週末の買い物リストを作成', completed=false, priority=中, category='個人' (truncated)...]
2025-07-11 19:58:14 [http-nio-8080-exec-4] DEBUG o.s.web.servlet.DispatcherServlet - Completed 200 OK
2025-07-11 19:58:14 [http-nio-8080-exec-5] DEBUG o.s.web.servlet.DispatcherServlet - GET "/api/stats", parameters={}
2025-07-11 19:58:14 [http-nio-8080-exec-5] DEBUG o.s.w.s.m.m.a.RequestMappingHandlerMapping - Mapped to com.taskmanager.controller.StatsController#getStatistics()
2025-07-11 19:58:14 [http-nio-8080-exec-5] DEBUG org.hibernate.SQL - 
    select
        count(*) 
    from
        tasks t1_0
2025-07-11 19:58:14 [http-nio-8080-exec-5] DEBUG org.hibernate.SQL - 
    select
        t1_0.id,
        t1_0.category,
        t1_0.completed,
        t1_0.created_at,
        t1_0.description,
        t1_0.due_date,
        t1_0.priority,
        t1_0.tags,
        t1_0.title,
        t1_0.updated_at 
    from
        tasks t1_0 
    where
        t1_0.completed=?
2025-07-11 19:58:14 [http-nio-8080-exec-5] DEBUG org.hibernate.SQL - 
    select
        t1_0.id,
        t1_0.category,
        t1_0.completed,
        t1_0.created_at,
        t1_0.description,
        t1_0.due_date,
        t1_0.priority,
        t1_0.tags,
        t1_0.title,
        t1_0.updated_at 
    from
        tasks t1_0 
    where
        t1_0.completed=?
2025-07-11 19:58:14 [http-nio-8080-exec-5] DEBUG org.hibernate.SQL - 
    select
        t1_0.id,
        t1_0.category,
        t1_0.completed,
        t1_0.created_at,
        t1_0.description,
        t1_0.due_date,
        t1_0.priority,
        t1_0.tags,
        t1_0.title,
        t1_0.updated_at 
    from
        tasks t1_0 
    where
        t1_0.due_date<? 
        and t1_0.completed=false
2025-07-11 19:58:14 [http-nio-8080-exec-5] DEBUG org.hibernate.SQL - 
    select
        t1_0.category,
        count(t1_0.id) 
    from
        tasks t1_0 
    group by
        t1_0.category
2025-07-11 19:58:14 [http-nio-8080-exec-5] DEBUG org.hibernate.SQL - 
    select
        t1_0.priority,
        count(t1_0.id) 
    from
        tasks t1_0 
    group by
        t1_0.priority
2025-07-11 19:58:14 [http-nio-8080-exec-5] DEBUG o.s.w.s.m.m.a.HttpEntityMethodProcessor - Using 'application/json', given [*/*] and supported [application/json, application/*+json]
2025-07-11 19:58:14 [http-nio-8080-exec-5] DEBUG o.s.w.s.m.m.a.HttpEntityMethodProcessor - Writing [{completedTasks=2, priorityStats={高=3, 中=4, 低=3}, overdueTasks=2, categoryStats={個人=2, 学習=2, 健康=2, 家 (truncated)...]
2025-07-11 19:58:14 [http-nio-8080-exec-5] DEBUG o.s.web.servlet.DispatcherServlet - Completed 200 OK
2025-07-11 19:58:14 [http-nio-8080-exec-6] DEBUG o.s.web.servlet.DispatcherServlet - GET "/api/categories", parameters={}
2025-07-11 19:58:15 [http-nio-8080-exec-6] DEBUG o.s.w.s.m.m.a.RequestMappingHandlerMapping - Mapped to com.taskmanager.controller.CategoriesController#getCategories()
2025-07-11 19:58:15 [http-nio-8080-exec-6] DEBUG org.hibernate.SQL - 
    select
        distinct t1_0.category 
    from
        tasks t1_0 
    where
        t1_0.category is not null 
    order by
        t1_0.category
2025-07-11 19:58:15 [http-nio-8080-exec-6] DEBUG o.s.w.s.m.m.a.HttpEntityMethodProcessor - Using 'application/json', given [*/*] and supported [application/json, application/*+json]
2025-07-11 19:58:15 [http-nio-8080-exec-6] DEBUG o.s.w.s.m.m.a.HttpEntityMethodProcessor - Writing [[仕事, 個人, 健康, 学習, 家事]]
2025-07-11 19:58:15 [http-nio-8080-exec-6] DEBUG o.s.web.servlet.DispatcherServlet - Completed 200 OK
2025-07-11 19:58:16 [http-nio-8080-exec-7] DEBUG o.s.web.servlet.DispatcherServlet - GET "/", parameters={}
2025-07-11 19:58:16 [http-nio-8080-exec-7] DEBUG o.s.w.s.v.ContentNegotiatingViewResolver - Selected 'text/html' given [text/html, application/xhtml+xml, image/avif, image/webp, image/apng, application/xml;q=0.9, */*;q=0.8, application/signed-exchange;v=b3;q=0.7]
2025-07-11 19:58:16 [http-nio-8080-exec-7] DEBUG o.s.w.s.view.InternalResourceView - View name 'forward:', model {}
2025-07-11 19:58:16 [http-nio-8080-exec-7] DEBUG o.s.w.s.view.InternalResourceView - Forwarding to [index.html]
2025-07-11 19:58:16 [http-nio-8080-exec-7] DEBUG o.s.web.servlet.DispatcherServlet - "FORWARD" dispatch for GET "/index.html", parameters={}
2025-07-11 19:58:16 [http-nio-8080-exec-7] DEBUG o.s.w.s.h.SimpleUrlHandlerMapping - Mapped to ResourceHttpRequestHandler [classpath [META-INF/resources/], classpath [resources/], classpath [static/], classpath [public/], ServletContext [/]]
2025-07-11 19:58:16 [http-nio-8080-exec-7] DEBUG o.s.web.servlet.DispatcherServlet - Exiting from "FORWARD" dispatch, status 304
2025-07-11 19:58:16 [http-nio-8080-exec-7] DEBUG o.s.web.servlet.DispatcherServlet - Completed 304 NOT_MODIFIED
2025-07-11 19:58:16 [http-nio-8080-exec-8] DEBUG o.s.web.servlet.DispatcherServlet - GET "/api/tasks", parameters={}
2025-07-11 19:58:16 [http-nio-8080-exec-8] DEBUG o.s.w.s.m.m.a.RequestMappingHandlerMapping - Mapped to com.taskmanager.controller.TaskController#getTasks(String, String, String, String)
2025-07-11 19:58:16 [http-nio-8080-exec-8] DEBUG org.hibernate.SQL - 
    select
        t1_0.id,
        t1_0.category,
        t1_0.completed,
        t1_0.created_at,
        t1_0.description,
        t1_0.due_date,
        t1_0.priority,
        t1_0.tags,
        t1_0.title,
        t1_0.updated_at 
    from
        tasks t1_0 
    where
        (
            ? is null 
            or t1_0.completed=?
        ) 
        and (
            ? is null 
            or t1_0.priority=?
        ) 
        and (
            ? is null 
            or t1_0.category=?
        ) 
    order by
        t1_0.priority desc,
        t1_0.created_at desc
2025-07-11 19:58:16 [http-nio-8080-exec-8] DEBUG o.s.w.s.m.m.a.HttpEntityMethodProcessor - Using 'application/json', given [*/*] and supported [application/json, application/*+json]
2025-07-11 19:58:16 [http-nio-8080-exec-8] DEBUG o.s.w.s.m.m.a.HttpEntityMethodProcessor - Writing [[Task{id=2, title='買い物リスト作成', description='週末の買い物リストを作成', completed=false, priority=中, category='個人' (truncated)...]
2025-07-11 19:58:16 [http-nio-8080-exec-8] DEBUG o.s.web.servlet.DispatcherServlet - Completed 200 OK
2025-07-11 19:58:16 [http-nio-8080-exec-9] DEBUG o.s.web.servlet.DispatcherServlet - GET "/api/stats", parameters={}
2025-07-11 19:58:16 [http-nio-8080-exec-9] DEBUG o.s.w.s.m.m.a.RequestMappingHandlerMapping - Mapped to com.taskmanager.controller.StatsController#getStatistics()
2025-07-11 19:58:16 [http-nio-8080-exec-9] DEBUG org.hibernate.SQL - 
    select
        count(*) 
    from
        tasks t1_0
2025-07-11 19:58:16 [http-nio-8080-exec-9] DEBUG org.hibernate.SQL - 
    select
        t1_0.id,
        t1_0.category,
        t1_0.completed,
        t1_0.created_at,
        t1_0.description,
        t1_0.due_date,
        t1_0.priority,
        t1_0.tags,
        t1_0.title,
        t1_0.updated_at 
    from
        tasks t1_0 
    where
        t1_0.completed=?
2025-07-11 19:58:16 [http-nio-8080-exec-9] DEBUG org.hibernate.SQL - 
    select
        t1_0.id,
        t1_0.category,
        t1_0.completed,
        t1_0.created_at,
        t1_0.description,
        t1_0.due_date,
        t1_0.priority,
        t1_0.tags,
        t1_0.title,
        t1_0.updated_at 
    from
        tasks t1_0 
    where
        t1_0.completed=?
2025-07-11 19:58:16 [http-nio-8080-exec-9] DEBUG org.hibernate.SQL - 
    select
        t1_0.id,
        t1_0.category,
        t1_0.completed,
        t1_0.created_at,
        t1_0.description,
        t1_0.due_date,
        t1_0.priority,
        t1_0.tags,
        t1_0.title,
        t1_0.updated_at 
    from
        tasks t1_0 
    where
        t1_0.due_date<? 
        and t1_0.completed=false
2025-07-11 19:58:16 [http-nio-8080-exec-9] DEBUG org.hibernate.SQL - 
    select
        t1_0.category,
        count(t1_0.id) 
    from
        tasks t1_0 
    group by
        t1_0.category
2025-07-11 19:58:16 [http-nio-8080-exec-9] DEBUG org.hibernate.SQL - 
    select
        t1_0.priority,
        count(t1_0.id) 
    from
        tasks t1_0 
    group by
        t1_0.priority
2025-07-11 19:58:16 [http-nio-8080-exec-9] DEBUG o.s.w.s.m.m.a.HttpEntityMethodProcessor - Using 'application/json', given [*/*] and supported [application/json, application/*+json]
2025-07-11 19:58:16 [http-nio-8080-exec-9] DEBUG o.s.w.s.m.m.a.HttpEntityMethodProcessor - Writing [{completedTasks=2, priorityStats={高=3, 中=4, 低=3}, overdueTasks=2, categoryStats={個人=2, 学習=2, 健康=2, 家 (truncated)...]
2025-07-11 19:58:16 [http-nio-8080-exec-9] DEBUG o.s.web.servlet.DispatcherServlet - Completed 200 OK
2025-07-11 19:58:16 [http-nio-8080-exec-10] DEBUG o.s.web.servlet.DispatcherServlet - GET "/api/categories", parameters={}
2025-07-11 19:58:16 [http-nio-8080-exec-10] DEBUG o.s.w.s.m.m.a.RequestMappingHandlerMapping - Mapped to com.taskmanager.controller.CategoriesController#getCategories()
2025-07-11 19:58:16 [http-nio-8080-exec-10] DEBUG org.hibernate.SQL - 
    select
        distinct t1_0.category 
    from
        tasks t1_0 
    where
        t1_0.category is not null 
    order by
        t1_0.category
2025-07-11 19:58:16 [http-nio-8080-exec-10] DEBUG o.s.w.s.m.m.a.HttpEntityMethodProcessor - Using 'application/json', given [*/*] and supported [application/json, application/*+json]
2025-07-11 19:58:16 [http-nio-8080-exec-10] DEBUG o.s.w.s.m.m.a.HttpEntityMethodProcessor - Writing [[仕事, 個人, 健康, 学習, 家事]]
2025-07-11 19:58:16 [http-nio-8080-exec-10] DEBUG o.s.web.servlet.DispatcherServlet - Completed 200 OK
2025-07-11 19:58:21 [http-nio-8080-exec-1] DEBUG o.s.web.servlet.DispatcherServlet - DELETE "/api/tasks?id=4", parameters={masked}
2025-07-11 19:58:21 [http-nio-8080-exec-1] WARN  o.s.w.s.m.s.DefaultHandlerExceptionResolver - Resolved [org.springframework.web.HttpRequestMethodNotSupportedException: Request method 'DELETE' is not supported]
2025-07-11 19:58:21 [http-nio-8080-exec-1] DEBUG o.s.web.servlet.DispatcherServlet - Completed 405 METHOD_NOT_ALLOWED
2025-07-11 19:58:21 [http-nio-8080-exec-1] DEBUG o.s.web.servlet.DispatcherServlet - "ERROR" dispatch for DELETE "/error?id=4", parameters={masked}
2025-07-11 19:58:21 [http-nio-8080-exec-1] DEBUG o.s.w.s.m.m.a.RequestMappingHandlerMapping - Mapped to org.springframework.boot.autoconfigure.web.servlet.error.BasicErrorController#error(HttpServletRequest)
2025-07-11 19:58:21 [http-nio-8080-exec-1] DEBUG o.s.w.s.m.m.a.HttpEntityMethodProcessor - Using 'application/json', given [*/*] and supported [application/json, application/*+json]
2025-07-11 19:58:21 [http-nio-8080-exec-1] DEBUG o.s.w.s.m.m.a.HttpEntityMethodProcessor - Writing [{timestamp=Fri Jul 11 19:58:21 JST 2025, status=405, error=Method Not Allowed, path=/api/tasks}]
2025-07-11 19:58:21 [http-nio-8080-exec-1] DEBUG o.s.web.servlet.DispatcherServlet - Exiting from "ERROR" dispatch, status 405
2025-07-11 19:59:36 [SpringApplicationShutdownHook] INFO  o.s.o.j.LocalContainerEntityManagerFactoryBean - Closing JPA EntityManagerFactory for persistence unit 'default'
2025-07-11 19:59:36 [SpringApplicationShutdownHook] DEBUG org.hibernate.SQL - 
    drop table if exists tasks cascade 
2025-07-11 19:59:36 [SpringApplicationShutdownHook] INFO  com.zaxxer.hikari.HikariDataSource - HikariPool-1 - Shutdown initiated...
2025-07-11 19:59:36 [SpringApplicationShutdownHook] INFO  com.zaxxer.hikari.HikariDataSource - HikariPool-1 - Shutdown completed.
2025-07-11 20:00:31 [main] INFO  com.taskmanager.Application - Starting Application using Java 24.0.1 with PID 86775 (/Users/emi/Desktop/JAVA開発/Java練習１/SpringBootTaskManager/target/classes started by emi in /Users/emi/Desktop/JAVA開発/Java練習１/SpringBootTaskManager)
2025-07-11 20:00:31 [main] DEBUG com.taskmanager.Application - Running with Spring Boot v3.2.0, Spring v6.1.1
2025-07-11 20:00:31 [main] INFO  com.taskmanager.Application - No active profile set, falling back to 1 default profile: "default"
2025-07-11 20:00:37 [main] INFO  o.s.d.r.c.RepositoryConfigurationDelegate - Bootstrapping Spring Data JPA repositories in DEFAULT mode.
2025-07-11 20:00:38 [main] INFO  o.s.d.r.c.RepositoryConfigurationDelegate - Finished Spring Data repository scanning in 584 ms. Found 1 JPA repository interface.
2025-07-11 20:00:42 [main] INFO  o.s.b.w.e.tomcat.TomcatWebServer - Tomcat initialized with port 8080 (http)
2025-07-11 20:00:42 [main] INFO  o.a.catalina.core.StandardService - Starting service [Tomcat]
2025-07-11 20:00:42 [main] INFO  o.a.catalina.core.StandardEngine - Starting Servlet engine: [Apache Tomcat/10.1.16]
2025-07-11 20:00:42 [main] INFO  o.a.c.c.C.[Tomcat].[localhost].[/] - Initializing Spring embedded WebApplicationContext
2025-07-11 20:00:42 [main] INFO  o.s.b.w.s.c.ServletWebServerApplicationContext - Root WebApplicationContext: initialization completed in 11064 ms
2025-07-11 20:00:42 [main] INFO  com.zaxxer.hikari.HikariDataSource - HikariPool-1 - Starting...
2025-07-11 20:00:43 [main] INFO  com.zaxxer.hikari.pool.HikariPool - HikariPool-1 - Added connection conn0: url=jdbc:h2:mem:taskdb user=SA
2025-07-11 20:00:43 [main] INFO  com.zaxxer.hikari.HikariDataSource - HikariPool-1 - Start completed.
2025-07-11 20:00:43 [main] INFO  o.s.b.a.h.H2ConsoleAutoConfiguration - H2 console available at '/h2-console'. Database available at 'jdbc:h2:mem:taskdb'
2025-07-11 20:00:43 [main] INFO  o.h.jpa.internal.util.LogHelper - HHH000204: Processing PersistenceUnitInfo [name: default]
2025-07-11 20:00:44 [main] INFO  org.hibernate.Version - HHH000412: Hibernate ORM core version 6.3.1.Final
2025-07-11 20:00:44 [main] INFO  o.h.c.i.RegionFactoryInitiator - HHH000026: Second-level cache disabled
2025-07-11 20:00:46 [main] INFO  o.s.o.j.p.SpringPersistenceUnitInfo - No LoadTimeWeaver setup: ignoring JPA class transformer
2025-07-11 20:00:46 [main] WARN  org.hibernate.orm.deprecation - HHH90000025: H2Dialect does not need to be specified explicitly using 'hibernate.dialect' (remove the property setting and it will be selected by default)
2025-07-11 20:00:50 [main] INFO  o.h.e.t.j.p.i.JtaPlatformInitiator - HHH000489: No JTA platform available (set 'hibernate.transaction.jta.platform' to enable JTA platform integration)
2025-07-11 20:00:50 [main] DEBUG org.hibernate.SQL - 
    drop table if exists tasks cascade 
2025-07-11 20:00:51 [main] DEBUG org.hibernate.SQL - 
    create table tasks (
        completed boolean not null,
        created_at timestamp(6) not null,
        due_date timestamp(6),
        id bigint generated by default as identity,
        updated_at timestamp(6) not null,
        category varchar(100),
        title varchar(200) not null,
        tags varchar(500),
        description varchar(1000),
        priority varchar(255) not null check (priority in ('LOW','MEDIUM','HIGH')),
        primary key (id)
    )
2025-07-11 20:00:51 [main] INFO  o.s.o.j.LocalContainerEntityManagerFactoryBean - Initialized JPA EntityManagerFactory for persistence unit 'default'
2025-07-11 20:00:52 [main] INFO  o.s.d.j.r.query.QueryEnhancerFactory - Hibernate is in classpath; If applicable, HQL parser will be used.
2025-07-11 20:00:56 [main] WARN  o.s.b.a.o.j.JpaBaseConfiguration$JpaWebConfiguration - spring.jpa.open-in-view is enabled by default. Therefore, database queries may be performed during view rendering. Explicitly configure spring.jpa.open-in-view to disable this warning
2025-07-11 20:00:56 [main] INFO  o.s.b.a.w.s.WelcomePageHandlerMapping - Adding welcome page: class path resource [static/index.html]
2025-07-11 20:00:56 [main] DEBUG o.s.w.s.m.m.a.RequestMappingHandlerMapping - 12 mappings in 'requestMappingHandlerMapping'
2025-07-11 20:00:57 [main] DEBUG o.s.w.s.h.SimpleUrlHandlerMapping - Patterns [/webjars/**, /**] in 'resourceHandlerMapping'
2025-07-11 20:00:57 [main] DEBUG o.s.w.s.m.m.a.RequestMappingHandlerAdapter - ControllerAdvice beans: 0 @ModelAttribute, 0 @InitBinder, 1 RequestBodyAdvice, 1 ResponseBodyAdvice
2025-07-11 20:00:57 [main] DEBUG o.s.w.s.m.m.a.ExceptionHandlerExceptionResolver - ControllerAdvice beans: 0 @ExceptionHandler, 1 ResponseBodyAdvice
2025-07-11 20:00:58 [main] INFO  o.s.b.w.e.tomcat.TomcatWebServer - Tomcat started on port 8080 (http) with context path ''
2025-07-11 20:00:58 [main] INFO  com.taskmanager.Application - Started Application in 30.662 seconds (process running for 32.461)
2025-07-11 20:01:04 [http-nio-8080-exec-1] INFO  o.a.c.c.C.[Tomcat].[localhost].[/] - Initializing Spring DispatcherServlet 'dispatcherServlet'
2025-07-11 20:01:04 [http-nio-8080-exec-1] INFO  o.s.web.servlet.DispatcherServlet - Initializing Servlet 'dispatcherServlet'
2025-07-11 20:01:04 [http-nio-8080-exec-1] DEBUG o.s.web.servlet.DispatcherServlet - Detected StandardServletMultipartResolver
2025-07-11 20:01:04 [http-nio-8080-exec-1] DEBUG o.s.web.servlet.DispatcherServlet - Detected AcceptHeaderLocaleResolver
2025-07-11 20:01:04 [http-nio-8080-exec-1] DEBUG o.s.web.servlet.DispatcherServlet - Detected FixedThemeResolver
2025-07-11 20:01:04 [http-nio-8080-exec-1] DEBUG o.s.web.servlet.DispatcherServlet - Detected org.springframework.web.servlet.view.DefaultRequestToViewNameTranslator@3b4e0786
2025-07-11 20:01:04 [http-nio-8080-exec-1] DEBUG o.s.web.servlet.DispatcherServlet - Detected org.springframework.web.servlet.support.SessionFlashMapManager@47d0127f
2025-07-11 20:01:04 [http-nio-8080-exec-1] DEBUG o.s.web.servlet.DispatcherServlet - enableLoggingRequestDetails='false': request parameters and headers will be masked to prevent unsafe logging of potentially sensitive data
2025-07-11 20:01:04 [http-nio-8080-exec-1] INFO  o.s.web.servlet.DispatcherServlet - Completed initialization in 42 ms
2025-07-11 20:01:05 [http-nio-8080-exec-1] DEBUG o.s.web.servlet.DispatcherServlet - GET "/", parameters={}
2025-07-11 20:01:05 [http-nio-8080-exec-1] DEBUG o.s.w.s.v.ContentNegotiatingViewResolver - Selected 'text/html' given [text/html, application/xhtml+xml, image/avif, image/webp, image/apng, application/xml;q=0.9, */*;q=0.8, application/signed-exchange;v=b3;q=0.7]
2025-07-11 20:01:05 [http-nio-8080-exec-1] DEBUG o.s.w.s.view.InternalResourceView - View name 'forward:', model {}
2025-07-11 20:01:05 [http-nio-8080-exec-1] DEBUG o.s.w.s.view.InternalResourceView - Forwarding to [index.html]
2025-07-11 20:01:05 [http-nio-8080-exec-1] DEBUG o.s.web.servlet.DispatcherServlet - "FORWARD" dispatch for GET "/index.html", parameters={}
2025-07-11 20:01:05 [http-nio-8080-exec-1] DEBUG o.s.w.s.h.SimpleUrlHandlerMapping - Mapped to ResourceHttpRequestHandler [classpath [META-INF/resources/], classpath [resources/], classpath [static/], classpath [public/], ServletContext [/]]
2025-07-11 20:01:05 [http-nio-8080-exec-1] DEBUG o.s.web.servlet.DispatcherServlet - Exiting from "FORWARD" dispatch, status 200
2025-07-11 20:01:05 [http-nio-8080-exec-1] DEBUG o.s.web.servlet.DispatcherServlet - Completed 200 OK
2025-07-11 20:01:05 [http-nio-8080-exec-2] DEBUG o.s.web.servlet.DispatcherServlet - GET "/styles.css", parameters={}
2025-07-11 20:01:05 [http-nio-8080-exec-2] DEBUG o.s.w.s.h.SimpleUrlHandlerMapping - Mapped to ResourceHttpRequestHandler [classpath [META-INF/resources/], classpath [resources/], classpath [static/], classpath [public/], ServletContext [/]]
2025-07-11 20:01:05 [http-nio-8080-exec-2] DEBUG o.s.web.servlet.DispatcherServlet - Completed 304 NOT_MODIFIED
2025-07-11 20:01:06 [http-nio-8080-exec-3] DEBUG o.s.web.servlet.DispatcherServlet - GET "/script.js", parameters={}
2025-07-11 20:01:06 [http-nio-8080-exec-3] DEBUG o.s.w.s.h.SimpleUrlHandlerMapping - Mapped to ResourceHttpRequestHandler [classpath [META-INF/resources/], classpath [resources/], classpath [static/], classpath [public/], ServletContext [/]]
2025-07-11 20:01:06 [http-nio-8080-exec-3] DEBUG o.s.web.servlet.DispatcherServlet - Completed 200 OK
2025-07-11 20:01:06 [http-nio-8080-exec-4] DEBUG o.s.web.servlet.DispatcherServlet - GET "/api/tasks", parameters={}
2025-07-11 20:01:06 [http-nio-8080-exec-4] DEBUG o.s.w.s.m.m.a.RequestMappingHandlerMapping - Mapped to com.taskmanager.controller.TaskController#getTasks(String, String, String, String)
2025-07-11 20:01:07 [http-nio-8080-exec-4] DEBUG org.hibernate.SQL - 
    select
        t1_0.id,
        t1_0.category,
        t1_0.completed,
        t1_0.created_at,
        t1_0.description,
        t1_0.due_date,
        t1_0.priority,
        t1_0.tags,
        t1_0.title,
        t1_0.updated_at 
    from
        tasks t1_0 
    where
        (
            ? is null 
            or t1_0.completed=?
        ) 
        and (
            ? is null 
            or t1_0.priority=?
        ) 
        and (
            ? is null 
            or t1_0.category=?
        ) 
    order by
        t1_0.priority desc,
        t1_0.created_at desc
2025-07-11 20:01:07 [http-nio-8080-exec-4] DEBUG o.s.w.s.m.m.a.HttpEntityMethodProcessor - Using 'application/json', given [*/*] and supported [application/json, application/*+json]
2025-07-11 20:01:07 [http-nio-8080-exec-4] DEBUG o.s.w.s.m.m.a.HttpEntityMethodProcessor - Writing [[Task{id=2, title='買い物リスト作成', description='週末の買い物リストを作成', completed=false, priority=中, category='個人' (truncated)...]
2025-07-11 20:01:08 [http-nio-8080-exec-4] DEBUG o.s.web.servlet.DispatcherServlet - Completed 200 OK
2025-07-11 20:01:08 [http-nio-8080-exec-5] DEBUG o.s.web.servlet.DispatcherServlet - GET "/api/stats", parameters={}
2025-07-11 20:01:08 [http-nio-8080-exec-5] DEBUG o.s.w.s.m.m.a.RequestMappingHandlerMapping - Mapped to com.taskmanager.controller.StatsController#getStatistics()
2025-07-11 20:01:08 [http-nio-8080-exec-5] DEBUG org.hibernate.SQL - 
    select
        count(*) 
    from
        tasks t1_0
2025-07-11 20:01:08 [http-nio-8080-exec-5] DEBUG org.hibernate.SQL - 
    select
        t1_0.id,
        t1_0.category,
        t1_0.completed,
        t1_0.created_at,
        t1_0.description,
        t1_0.due_date,
        t1_0.priority,
        t1_0.tags,
        t1_0.title,
        t1_0.updated_at 
    from
        tasks t1_0 
    where
        t1_0.completed=?
2025-07-11 20:01:08 [http-nio-8080-exec-5] DEBUG org.hibernate.SQL - 
    select
        t1_0.id,
        t1_0.category,
        t1_0.completed,
        t1_0.created_at,
        t1_0.description,
        t1_0.due_date,
        t1_0.priority,
        t1_0.tags,
        t1_0.title,
        t1_0.updated_at 
    from
        tasks t1_0 
    where
        t1_0.completed=?
2025-07-11 20:01:09 [http-nio-8080-exec-5] DEBUG org.hibernate.SQL - 
    select
        t1_0.id,
        t1_0.category,
        t1_0.completed,
        t1_0.created_at,
        t1_0.description,
        t1_0.due_date,
        t1_0.priority,
        t1_0.tags,
        t1_0.title,
        t1_0.updated_at 
    from
        tasks t1_0 
    where
        t1_0.due_date<? 
        and t1_0.completed=false
2025-07-11 20:01:09 [http-nio-8080-exec-5] DEBUG org.hibernate.SQL - 
    select
        t1_0.category,
        count(t1_0.id) 
    from
        tasks t1_0 
    group by
        t1_0.category
2025-07-11 20:01:09 [http-nio-8080-exec-5] DEBUG org.hibernate.SQL - 
    select
        t1_0.priority,
        count(t1_0.id) 
    from
        tasks t1_0 
    group by
        t1_0.priority
2025-07-11 20:01:09 [http-nio-8080-exec-5] DEBUG o.s.w.s.m.m.a.HttpEntityMethodProcessor - Using 'application/json', given [*/*] and supported [application/json, application/*+json]
2025-07-11 20:01:09 [http-nio-8080-exec-5] DEBUG o.s.w.s.m.m.a.HttpEntityMethodProcessor - Writing [{completedTasks=2, priorityStats={高=3, 中=4, 低=3}, overdueTasks=2, categoryStats={個人=2, 学習=2, 健康=2, 家 (truncated)...]
2025-07-11 20:01:09 [http-nio-8080-exec-5] DEBUG o.s.web.servlet.DispatcherServlet - Completed 200 OK
2025-07-11 20:01:09 [http-nio-8080-exec-6] DEBUG o.s.web.servlet.DispatcherServlet - GET "/api/categories", parameters={}
2025-07-11 20:01:09 [http-nio-8080-exec-6] DEBUG o.s.w.s.m.m.a.RequestMappingHandlerMapping - Mapped to com.taskmanager.controller.CategoriesController#getCategories()
2025-07-11 20:01:09 [http-nio-8080-exec-6] DEBUG org.hibernate.SQL - 
    select
        distinct t1_0.category 
    from
        tasks t1_0 
    where
        t1_0.category is not null 
    order by
        t1_0.category
2025-07-11 20:01:09 [http-nio-8080-exec-6] DEBUG o.s.w.s.m.m.a.HttpEntityMethodProcessor - Using 'application/json', given [*/*] and supported [application/json, application/*+json]
2025-07-11 20:01:09 [http-nio-8080-exec-6] DEBUG o.s.w.s.m.m.a.HttpEntityMethodProcessor - Writing [[仕事, 個人, 健康, 学習, 家事]]
2025-07-11 20:01:09 [http-nio-8080-exec-6] DEBUG o.s.web.servlet.DispatcherServlet - Completed 200 OK
2025-07-11 20:01:21 [http-nio-8080-exec-7] DEBUG o.s.web.servlet.DispatcherServlet - DELETE "/api/tasks/2", parameters={}
2025-07-11 20:01:21 [http-nio-8080-exec-7] DEBUG o.s.w.s.m.m.a.RequestMappingHandlerMapping - Mapped to com.taskmanager.controller.TaskController#deleteTask(Long)
2025-07-11 20:01:22 [http-nio-8080-exec-7] DEBUG org.hibernate.SQL - 
    select
        count(*) 
    from
        tasks t1_0 
    where
        t1_0.id=?
2025-07-11 20:01:22 [http-nio-8080-exec-7] DEBUG org.hibernate.SQL - 
    select
        t1_0.id,
        t1_0.category,
        t1_0.completed,
        t1_0.created_at,
        t1_0.description,
        t1_0.due_date,
        t1_0.priority,
        t1_0.tags,
        t1_0.title,
        t1_0.updated_at 
    from
        tasks t1_0 
    where
        t1_0.id=?
2025-07-11 20:01:22 [http-nio-8080-exec-7] DEBUG org.hibernate.SQL - 
    delete 
    from
        tasks 
    where
        id=?
2025-07-11 20:01:22 [http-nio-8080-exec-7] DEBUG o.s.w.s.m.m.a.HttpEntityMethodProcessor - Using 'application/json', given [*/*] and supported [application/json, application/*+json]
2025-07-11 20:01:22 [http-nio-8080-exec-7] DEBUG o.s.w.s.m.m.a.HttpEntityMethodProcessor - Nothing to write: null body
2025-07-11 20:01:22 [http-nio-8080-exec-7] DEBUG o.s.web.servlet.DispatcherServlet - Completed 204 NO_CONTENT
2025-07-11 20:01:22 [http-nio-8080-exec-8] DEBUG o.s.web.servlet.DispatcherServlet - GET "/api/tasks", parameters={}
2025-07-11 20:01:22 [http-nio-8080-exec-8] DEBUG o.s.w.s.m.m.a.RequestMappingHandlerMapping - Mapped to com.taskmanager.controller.TaskController#getTasks(String, String, String, String)
2025-07-11 20:01:22 [http-nio-8080-exec-8] DEBUG org.hibernate.SQL - 
    select
        t1_0.id,
        t1_0.category,
        t1_0.completed,
        t1_0.created_at,
        t1_0.description,
        t1_0.due_date,
        t1_0.priority,
        t1_0.tags,
        t1_0.title,
        t1_0.updated_at 
    from
        tasks t1_0 
    where
        (
            ? is null 
            or t1_0.completed=?
        ) 
        and (
            ? is null 
            or t1_0.priority=?
        ) 
        and (
            ? is null 
            or t1_0.category=?
        ) 
    order by
        t1_0.priority desc,
        t1_0.created_at desc
2025-07-11 20:01:22 [http-nio-8080-exec-8] DEBUG o.s.w.s.m.m.a.HttpEntityMethodProcessor - Using 'application/json', given [*/*] and supported [application/json, application/*+json]
2025-07-11 20:01:22 [http-nio-8080-exec-8] DEBUG o.s.w.s.m.m.a.HttpEntityMethodProcessor - Writing [[Task{id=4, title='ジムでトレーニング', description='週3回のジムトレーニング', completed=false, priority=中, category='健康 (truncated)...]
2025-07-11 20:01:22 [http-nio-8080-exec-8] DEBUG o.s.web.servlet.DispatcherServlet - Completed 200 OK
2025-07-11 20:01:22 [http-nio-8080-exec-9] DEBUG o.s.web.servlet.DispatcherServlet - GET "/api/stats", parameters={}
2025-07-11 20:01:22 [http-nio-8080-exec-9] DEBUG o.s.w.s.m.m.a.RequestMappingHandlerMapping - Mapped to com.taskmanager.controller.StatsController#getStatistics()
2025-07-11 20:01:22 [http-nio-8080-exec-9] DEBUG org.hibernate.SQL - 
    select
        count(*) 
    from
        tasks t1_0
2025-07-11 20:01:22 [http-nio-8080-exec-9] DEBUG org.hibernate.SQL - 
    select
        t1_0.id,
        t1_0.category,
        t1_0.completed,
        t1_0.created_at,
        t1_0.description,
        t1_0.due_date,
        t1_0.priority,
        t1_0.tags,
        t1_0.title,
        t1_0.updated_at 
    from
        tasks t1_0 
    where
        t1_0.completed=?
2025-07-11 20:01:22 [http-nio-8080-exec-9] DEBUG org.hibernate.SQL - 
    select
        t1_0.id,
        t1_0.category,
        t1_0.completed,
        t1_0.created_at,
        t1_0.description,
        t1_0.due_date,
        t1_0.priority,
        t1_0.tags,
        t1_0.title,
        t1_0.updated_at 
    from
        tasks t1_0 
    where
        t1_0.completed=?
2025-07-11 20:01:22 [http-nio-8080-exec-9] DEBUG org.hibernate.SQL - 
    select
        t1_0.id,
        t1_0.category,
        t1_0.completed,
        t1_0.created_at,
        t1_0.description,
        t1_0.due_date,
        t1_0.priority,
        t1_0.tags,
        t1_0.title,
        t1_0.updated_at 
    from
        tasks t1_0 
    where
        t1_0.due_date<? 
        and t1_0.completed=false
2025-07-11 20:01:22 [http-nio-8080-exec-9] DEBUG org.hibernate.SQL - 
    select
        t1_0.category,
        count(t1_0.id) 
    from
        tasks t1_0 
    group by
        t1_0.category
2025-07-11 20:01:22 [http-nio-8080-exec-9] DEBUG org.hibernate.SQL - 
    select
        t1_0.priority,
        count(t1_0.id) 
    from
        tasks t1_0 
    group by
        t1_0.priority
2025-07-11 20:01:22 [http-nio-8080-exec-9] DEBUG o.s.w.s.m.m.a.HttpEntityMethodProcessor - Using 'application/json', given [*/*] and supported [application/json, application/*+json]
2025-07-11 20:01:22 [http-nio-8080-exec-9] DEBUG o.s.w.s.m.m.a.HttpEntityMethodProcessor - Writing [{completedTasks=2, priorityStats={高=3, 中=3, 低=3}, overdueTasks=2, categoryStats={個人=1, 学習=2, 健康=2, 家 (truncated)...]
2025-07-11 20:01:22 [http-nio-8080-exec-9] DEBUG o.s.web.servlet.DispatcherServlet - Completed 200 OK
2025-07-11 20:01:22 [http-nio-8080-exec-10] DEBUG o.s.web.servlet.DispatcherServlet - GET "/api/categories", parameters={}
2025-07-11 20:01:22 [http-nio-8080-exec-10] DEBUG o.s.w.s.m.m.a.RequestMappingHandlerMapping - Mapped to com.taskmanager.controller.CategoriesController#getCategories()
2025-07-11 20:01:22 [http-nio-8080-exec-10] DEBUG org.hibernate.SQL - 
    select
        distinct t1_0.category 
    from
        tasks t1_0 
    where
        t1_0.category is not null 
    order by
        t1_0.category
2025-07-11 20:01:22 [http-nio-8080-exec-10] DEBUG o.s.w.s.m.m.a.HttpEntityMethodProcessor - Using 'application/json', given [*/*] and supported [application/json, application/*+json]
2025-07-11 20:01:22 [http-nio-8080-exec-10] DEBUG o.s.w.s.m.m.a.HttpEntityMethodProcessor - Writing [[仕事, 個人, 健康, 学習, 家事]]
2025-07-11 20:01:22 [http-nio-8080-exec-10] DEBUG o.s.web.servlet.DispatcherServlet - Completed 200 OK
2025-07-11 20:01:26 [http-nio-8080-exec-1] DEBUG o.s.web.servlet.DispatcherServlet - PATCH "/api/tasks/4/toggle", parameters={}
2025-07-11 20:01:26 [http-nio-8080-exec-1] DEBUG o.s.w.s.m.m.a.RequestMappingHandlerMapping - Mapped to com.taskmanager.controller.TaskController#toggleTaskCompletion(Long)
2025-07-11 20:01:26 [http-nio-8080-exec-1] DEBUG org.hibernate.SQL - 
    select
        t1_0.id,
        t1_0.category,
        t1_0.completed,
        t1_0.created_at,
        t1_0.description,
        t1_0.due_date,
        t1_0.priority,
        t1_0.tags,
        t1_0.title,
        t1_0.updated_at 
    from
        tasks t1_0 
    where
        t1_0.id=?
2025-07-11 20:01:27 [http-nio-8080-exec-1] DEBUG org.hibernate.SQL - 
    update
        tasks 
    set
        category=?,
        completed=?,
        description=?,
        due_date=?,
        priority=?,
        tags=?,
        title=?,
        updated_at=? 
    where
        id=?
2025-07-11 20:01:27 [http-nio-8080-exec-1] DEBUG o.s.w.s.m.m.a.HttpEntityMethodProcessor - Using 'application/json', given [*/*] and supported [application/json, application/*+json]
2025-07-11 20:01:27 [http-nio-8080-exec-1] DEBUG o.s.w.s.m.m.a.HttpEntityMethodProcessor - Writing [Task{id=4, title='ジムでトレーニング', description='週3回のジムトレーニング', completed=true, priority=中, category='健康', (truncated)...]
2025-07-11 20:01:27 [http-nio-8080-exec-1] DEBUG o.s.web.servlet.DispatcherServlet - Completed 200 OK
2025-07-11 20:01:27 [http-nio-8080-exec-2] DEBUG o.s.web.servlet.DispatcherServlet - GET "/api/tasks", parameters={}
2025-07-11 20:01:27 [http-nio-8080-exec-2] DEBUG o.s.w.s.m.m.a.RequestMappingHandlerMapping - Mapped to com.taskmanager.controller.TaskController#getTasks(String, String, String, String)
2025-07-11 20:01:27 [http-nio-8080-exec-2] DEBUG org.hibernate.SQL - 
    select
        t1_0.id,
        t1_0.category,
        t1_0.completed,
        t1_0.created_at,
        t1_0.description,
        t1_0.due_date,
        t1_0.priority,
        t1_0.tags,
        t1_0.title,
        t1_0.updated_at 
    from
        tasks t1_0 
    where
        (
            ? is null 
            or t1_0.completed=?
        ) 
        and (
            ? is null 
            or t1_0.priority=?
        ) 
        and (
            ? is null 
            or t1_0.category=?
        ) 
    order by
        t1_0.priority desc,
        t1_0.created_at desc
2025-07-11 20:01:27 [http-nio-8080-exec-2] DEBUG o.s.w.s.m.m.a.HttpEntityMethodProcessor - Using 'application/json', given [*/*] and supported [application/json, application/*+json]
2025-07-11 20:01:27 [http-nio-8080-exec-2] DEBUG o.s.w.s.m.m.a.HttpEntityMethodProcessor - Writing [[Task{id=4, title='ジムでトレーニング', description='週3回のジムトレーニング', completed=true, priority=中, category='健康' (truncated)...]
2025-07-11 20:01:27 [http-nio-8080-exec-2] DEBUG o.s.web.servlet.DispatcherServlet - Completed 200 OK
2025-07-11 20:01:27 [http-nio-8080-exec-3] DEBUG o.s.web.servlet.DispatcherServlet - GET "/api/stats", parameters={}
2025-07-11 20:01:27 [http-nio-8080-exec-3] DEBUG o.s.w.s.m.m.a.RequestMappingHandlerMapping - Mapped to com.taskmanager.controller.StatsController#getStatistics()
2025-07-11 20:01:27 [http-nio-8080-exec-3] DEBUG org.hibernate.SQL - 
    select
        count(*) 
    from
        tasks t1_0
2025-07-11 20:01:27 [http-nio-8080-exec-3] DEBUG org.hibernate.SQL - 
    select
        t1_0.id,
        t1_0.category,
        t1_0.completed,
        t1_0.created_at,
        t1_0.description,
        t1_0.due_date,
        t1_0.priority,
        t1_0.tags,
        t1_0.title,
        t1_0.updated_at 
    from
        tasks t1_0 
    where
        t1_0.completed=?
2025-07-11 20:01:27 [http-nio-8080-exec-3] DEBUG org.hibernate.SQL - 
    select
        t1_0.id,
        t1_0.category,
        t1_0.completed,
        t1_0.created_at,
        t1_0.description,
        t1_0.due_date,
        t1_0.priority,
        t1_0.tags,
        t1_0.title,
        t1_0.updated_at 
    from
        tasks t1_0 
    where
        t1_0.completed=?
2025-07-11 20:01:27 [http-nio-8080-exec-3] DEBUG org.hibernate.SQL - 
    select
        t1_0.id,
        t1_0.category,
        t1_0.completed,
        t1_0.created_at,
        t1_0.description,
        t1_0.due_date,
        t1_0.priority,
        t1_0.tags,
        t1_0.title,
        t1_0.updated_at 
    from
        tasks t1_0 
    where
        t1_0.due_date<? 
        and t1_0.completed=false
2025-07-11 20:01:27 [http-nio-8080-exec-3] DEBUG org.hibernate.SQL - 
    select
        t1_0.category,
        count(t1_0.id) 
    from
        tasks t1_0 
    group by
        t1_0.category
2025-07-11 20:01:27 [http-nio-8080-exec-3] DEBUG org.hibernate.SQL - 
    select
        t1_0.priority,
        count(t1_0.id) 
    from
        tasks t1_0 
    group by
        t1_0.priority
2025-07-11 20:01:27 [http-nio-8080-exec-3] DEBUG o.s.w.s.m.m.a.HttpEntityMethodProcessor - Using 'application/json', given [*/*] and supported [application/json, application/*+json]
2025-07-11 20:01:27 [http-nio-8080-exec-3] DEBUG o.s.w.s.m.m.a.HttpEntityMethodProcessor - Writing [{completedTasks=3, priorityStats={高=3, 中=3, 低=3}, overdueTasks=1, categoryStats={個人=1, 学習=2, 健康=2, 家 (truncated)...]
2025-07-11 20:01:27 [http-nio-8080-exec-3] DEBUG o.s.web.servlet.DispatcherServlet - Completed 200 OK
2025-07-11 20:01:35 [http-nio-8080-exec-4] DEBUG o.s.web.servlet.DispatcherServlet - PUT "/api/tasks/NaN", parameters={}
2025-07-11 20:01:35 [http-nio-8080-exec-4] DEBUG o.s.w.s.m.m.a.RequestMappingHandlerMapping - Mapped to com.taskmanager.controller.TaskController#updateTask(Long, TaskRequest)
2025-07-11 20:01:35 [http-nio-8080-exec-4] DEBUG o.s.web.method.HandlerMethod - Could not resolve parameter [0] in public org.springframework.http.ResponseEntity<com.taskmanager.entity.Task> com.taskmanager.controller.TaskController.updateTask(java.lang.Long,com.taskmanager.dto.TaskRequest): Failed to convert value of type 'java.lang.String' to required type 'java.lang.Long'; For input string: "NaN"
2025-07-11 20:01:35 [http-nio-8080-exec-4] WARN  o.s.w.s.m.s.DefaultHandlerExceptionResolver - Resolved [org.springframework.web.method.annotation.MethodArgumentTypeMismatchException: Failed to convert value of type 'java.lang.String' to required type 'java.lang.Long'; For input string: "NaN"]
2025-07-11 20:01:35 [http-nio-8080-exec-4] DEBUG o.s.web.servlet.DispatcherServlet - Completed 400 BAD_REQUEST
2025-07-11 20:01:35 [http-nio-8080-exec-4] DEBUG o.s.web.servlet.DispatcherServlet - "ERROR" dispatch for PUT "/error", parameters={}
2025-07-11 20:01:35 [http-nio-8080-exec-4] DEBUG o.s.w.s.m.m.a.RequestMappingHandlerMapping - Mapped to org.springframework.boot.autoconfigure.web.servlet.error.BasicErrorController#error(HttpServletRequest)
2025-07-11 20:01:35 [http-nio-8080-exec-4] DEBUG o.s.w.s.m.m.a.HttpEntityMethodProcessor - Using 'application/json', given [*/*] and supported [application/json, application/*+json]
2025-07-11 20:01:35 [http-nio-8080-exec-4] DEBUG o.s.w.s.m.m.a.HttpEntityMethodProcessor - Writing [{timestamp=Fri Jul 11 20:01:35 JST 2025, status=400, error=Bad Request, path=/api/tasks/NaN}]
2025-07-11 20:01:35 [http-nio-8080-exec-4] DEBUG o.s.web.servlet.DispatcherServlet - Exiting from "ERROR" dispatch, status 400
2025-07-11 20:01:46 [http-nio-8080-exec-5] DEBUG o.s.web.servlet.DispatcherServlet - PUT "/api/tasks/NaN", parameters={}
2025-07-11 20:01:46 [http-nio-8080-exec-5] DEBUG o.s.w.s.m.m.a.RequestMappingHandlerMapping - Mapped to com.taskmanager.controller.TaskController#updateTask(Long, TaskRequest)
2025-07-11 20:01:46 [http-nio-8080-exec-5] DEBUG o.s.web.method.HandlerMethod - Could not resolve parameter [0] in public org.springframework.http.ResponseEntity<com.taskmanager.entity.Task> com.taskmanager.controller.TaskController.updateTask(java.lang.Long,com.taskmanager.dto.TaskRequest): Failed to convert value of type 'java.lang.String' to required type 'java.lang.Long'; For input string: "NaN"
2025-07-11 20:01:46 [http-nio-8080-exec-5] WARN  o.s.w.s.m.s.DefaultHandlerExceptionResolver - Resolved [org.springframework.web.method.annotation.MethodArgumentTypeMismatchException: Failed to convert value of type 'java.lang.String' to required type 'java.lang.Long'; For input string: "NaN"]
2025-07-11 20:01:46 [http-nio-8080-exec-5] DEBUG o.s.web.servlet.DispatcherServlet - Completed 400 BAD_REQUEST
2025-07-11 20:01:46 [http-nio-8080-exec-5] DEBUG o.s.web.servlet.DispatcherServlet - "ERROR" dispatch for PUT "/error", parameters={}
2025-07-11 20:01:46 [http-nio-8080-exec-5] DEBUG o.s.w.s.m.m.a.RequestMappingHandlerMapping - Mapped to org.springframework.boot.autoconfigure.web.servlet.error.BasicErrorController#error(HttpServletRequest)
2025-07-11 20:01:46 [http-nio-8080-exec-5] DEBUG o.s.w.s.m.m.a.HttpEntityMethodProcessor - Using 'application/json', given [*/*] and supported [application/json, application/*+json]
2025-07-11 20:01:46 [http-nio-8080-exec-5] DEBUG o.s.w.s.m.m.a.HttpEntityMethodProcessor - Writing [{timestamp=Fri Jul 11 20:01:46 JST 2025, status=400, error=Bad Request, path=/api/tasks/NaN}]
2025-07-11 20:01:46 [http-nio-8080-exec-5] DEBUG o.s.web.servlet.DispatcherServlet - Exiting from "ERROR" dispatch, status 400
2025-07-11 20:01:57 [http-nio-8080-exec-6] DEBUG o.s.web.servlet.DispatcherServlet - PUT "/api/tasks/NaN", parameters={}
2025-07-11 20:01:57 [http-nio-8080-exec-6] DEBUG o.s.w.s.m.m.a.RequestMappingHandlerMapping - Mapped to com.taskmanager.controller.TaskController#updateTask(Long, TaskRequest)
2025-07-11 20:01:57 [http-nio-8080-exec-6] DEBUG o.s.web.method.HandlerMethod - Could not resolve parameter [0] in public org.springframework.http.ResponseEntity<com.taskmanager.entity.Task> com.taskmanager.controller.TaskController.updateTask(java.lang.Long,com.taskmanager.dto.TaskRequest): Failed to convert value of type 'java.lang.String' to required type 'java.lang.Long'; For input string: "NaN"
2025-07-11 20:01:57 [http-nio-8080-exec-6] WARN  o.s.w.s.m.s.DefaultHandlerExceptionResolver - Resolved [org.springframework.web.method.annotation.MethodArgumentTypeMismatchException: Failed to convert value of type 'java.lang.String' to required type 'java.lang.Long'; For input string: "NaN"]
2025-07-11 20:01:57 [http-nio-8080-exec-6] DEBUG o.s.web.servlet.DispatcherServlet - Completed 400 BAD_REQUEST
2025-07-11 20:01:57 [http-nio-8080-exec-6] DEBUG o.s.web.servlet.DispatcherServlet - "ERROR" dispatch for PUT "/error", parameters={}
2025-07-11 20:01:57 [http-nio-8080-exec-6] DEBUG o.s.w.s.m.m.a.RequestMappingHandlerMapping - Mapped to org.springframework.boot.autoconfigure.web.servlet.error.BasicErrorController#error(HttpServletRequest)
2025-07-11 20:01:57 [http-nio-8080-exec-6] DEBUG o.s.w.s.m.m.a.HttpEntityMethodProcessor - Using 'application/json', given [*/*] and supported [application/json, application/*+json]
2025-07-11 20:01:57 [http-nio-8080-exec-6] DEBUG o.s.w.s.m.m.a.HttpEntityMethodProcessor - Writing [{timestamp=Fri Jul 11 20:01:57 JST 2025, status=400, error=Bad Request, path=/api/tasks/NaN}]
2025-07-11 20:01:57 [http-nio-8080-exec-6] DEBUG o.s.web.servlet.DispatcherServlet - Exiting from "ERROR" dispatch, status 400
2025-07-11 20:08:23 [SpringApplicationShutdownHook] INFO  o.s.o.j.LocalContainerEntityManagerFactoryBean - Closing JPA EntityManagerFactory for persistence unit 'default'
2025-07-11 20:08:23 [SpringApplicationShutdownHook] DEBUG org.hibernate.SQL - 
    drop table if exists tasks cascade 
2025-07-11 20:08:23 [SpringApplicationShutdownHook] INFO  com.zaxxer.hikari.HikariDataSource - HikariPool-1 - Shutdown initiated...
2025-07-11 20:08:23 [SpringApplicationShutdownHook] INFO  com.zaxxer.hikari.HikariDataSource - HikariPool-1 - Shutdown completed.
